[03Jan2025 00:03:30.215] [Server thread/INFO] [com.teampotato.redirector.Redirector/]: Redirecting net/blay09/mods/waystones/core/WaystoneEditPermissions
[03Jan2025 00:05:17.363] [Server thread/INFO] [com.teampotato.redirector.Redirector/]: Redirecting net/p3pp3rf1y/sophisticatedcore/common/gui/SortBy
[03Jan2025 00:05:22.510] [Server thread/INFO] [com.teampotato.redirector.Redirector/]: Redirecting com/minecolonies/api/colony/managers/interfaces/IRaiderManager$RaidSpawnResult
[03Jan2025 00:05:41.718] [Server thread/INFO] [net.minecraft.server.MinecraftServer/]: jefferson_pad has completed the challenge [Winter's Harbinger]
[03Jan2025 00:06:00.064] [Server thread/WARN] [net.minecraft.world.level.storage.loot.functions.SetItemDamageFunction/]: Couldn't set damage of loot item 1 gold_ingot
[03Jan2025 00:06:00.064] [Server thread/WARN] [net.minecraft.world.level.storage.loot.functions.SetItemDamageFunction/]: Couldn't set damage of loot item 1 diamond
[03Jan2025 00:06:00.064] [Server thread/WARN] [net.minecraft.world.level.storage.loot.functions.SetItemDamageFunction/]: Couldn't set damage of loot item 1 gem_dust
[03Jan2025 00:06:00.064] [Server thread/WARN] [net.minecraft.world.level.storage.loot.functions.SetItemDamageFunction/]: Couldn't set damage of loot item 1 iron_block
[03Jan2025 00:06:44.515] [Server thread/WARN] [net.minecraft.world.level.storage.loot.functions.SetItemDamageFunction/]: Couldn't set damage of loot item 1 gold_ingot
[03Jan2025 00:06:44.515] [Server thread/WARN] [net.minecraft.world.level.storage.loot.functions.SetItemDamageFunction/]: Couldn't set damage of loot item 1 diamond
[03Jan2025 00:06:44.516] [Server thread/WARN] [net.minecraft.world.level.storage.loot.functions.SetItemDamageFunction/]: Couldn't set damage of loot item 1 gem_dust
[03Jan2025 00:06:44.516] [Server thread/WARN] [net.minecraft.world.level.storage.loot.functions.SetItemDamageFunction/]: Couldn't set damage of loot item 1 diamond
[03Jan2025 00:10:59.172] [Server thread/WARN] [net.minecraft.world.level.storage.loot.functions.SetItemDamageFunction/]: Couldn't set damage of loot item 1 gold_ingot
[03Jan2025 00:10:59.173] [Server thread/WARN] [net.minecraft.world.level.storage.loot.functions.SetItemDamageFunction/]: Couldn't set damage of loot item 1 gold_block
[03Jan2025 00:10:59.173] [Server thread/WARN] [net.minecraft.world.level.storage.loot.functions.SetItemDamageFunction/]: Couldn't set damage of loot item 1 gem_dust
[03Jan2025 00:10:59.173] [Server thread/WARN] [net.minecraft.world.level.storage.loot.functions.SetItemDamageFunction/]: Couldn't set damage of loot item 1 diamond
[03Jan2025 00:15:42.314] [Server thread/INFO] [net.minecraft.server.MinecraftServer/]: jefferson_pad has completed the challenge [Herald Of Ragnarok]
[03Jan2025 00:24:15.366] [Server thread/WARN] [net.minecraft.world.level.storage.loot.functions.SetItemDamageFunction/]: Couldn't set damage of loot item 1 gold_ingot
[03Jan2025 00:24:15.366] [Server thread/WARN] [net.minecraft.world.level.storage.loot.functions.SetItemDamageFunction/]: Couldn't set damage of loot item 1 gem_dust
[03Jan2025 00:24:15.366] [Server thread/WARN] [net.minecraft.world.level.storage.loot.functions.SetItemDamageFunction/]: Couldn't set damage of loot item 1 diamond
[03Jan2025 00:28:27.182] [Server thread/INFO] [com.teampotato.redirector.Redirector/]: Redirecting net/minecraft/world/entity/monster/warden/AngerLevel
[03Jan2025 00:28:28.563] [Server thread/INFO] [com.teampotato.redirector.Redirector/]: Redirecting com/github/justinwon777/humancompanions/entity/ai/ArbalistRangedCrossbowAttackGoal$CrossbowState
[03Jan2025 00:28:29.587] [Server thread/INFO] [com.teampotato.redirector.Redirector/]: Redirecting net/minecraft/world/level/block/entity/BeehiveBlockEntity$BeeReleaseStatus
[03Jan2025 00:31:20.504] [Server thread/INFO] [com.teampotato.redirector.Redirector/]: Redirecting alexthw/ars_elemental/common/entity/MermaidEntity$Variants
[03Jan2025 00:32:33.566] [Server thread/WARN] [net.minecraft.world.level.chunk.LevelChunk/]: Block entity sophisticatedbackpacks:backpack @ BlockPos{x=75, y=-50, z=864} state Block{sophisticatedbackpacks:copper_backpack}[battery=false,facing=south,left_tank=false,right_tank=false,waterlogged=false] invalid for ticking:
[03Jan2025 00:32:48.476] [Server thread/INFO] [com.teampotato.redirector.Redirector/]: Redirecting com/hollingsworth/arsnouveau/common/network/PacketANEffect$EffectType
[03Jan2025 00:32:53.486] [Server thread/INFO] [net.minecraft.server.MinecraftServer/]: jefferson_pad has made the advancement [How long's this been here?]
[03Jan2025 00:36:09.664] [Server thread/WARN] [net.minecraft.world.level.storage.loot.functions.SetItemDamageFunction/]: Couldn't set damage of loot item 1 netherite_scrap
[03Jan2025 00:36:09.665] [Server thread/WARN] [net.minecraft.world.level.storage.loot.functions.SetItemDamageFunction/]: Couldn't set damage of loot item 1 diamond
[03Jan2025 00:36:09.665] [Server thread/WARN] [net.minecraft.world.level.storage.loot.functions.SetItemDamageFunction/]: Couldn't set damage of loot item 1 gem_dust
[03Jan2025 00:39:24.114] [Server thread/INFO] [net.minecraft.server.MinecraftServer/]: jefferson_pad was slain by Warden
[03Jan2025 00:39:24.180] [Netty Epoll Server IO #2/ERROR] [net.bettercombat.network.ServerNetwork/]: Server handling Packets.C2S_AttackRequest - No current attack hand!
[03Jan2025 00:39:24.182] [Netty Epoll Server IO #2/ERROR] [net.bettercombat.network.ServerNetwork/]: Combo count: 1 is dual wielding: false
[03Jan2025 00:39:24.182] [Netty Epoll Server IO #2/ERROR] [net.bettercombat.network.ServerNetwork/]: Main-hand stack: 1 air
[03Jan2025 00:39:24.182] [Netty Epoll Server IO #2/ERROR] [net.bettercombat.network.ServerNetwork/]: Off-hand stack: 1 air
[03Jan2025 00:39:24.183] [Netty Epoll Server IO #2/ERROR] [net.bettercombat.network.ServerNetwork/]: Selected slot server: 7 | client: 7
[03Jan2025 00:39:36.402] [Server thread/INFO] [net.minecraft.server.MinecraftServer/]: [jefferson_pad: Teleported jefferson_pad to 248.500000, -45.500000, 867.500000]
[03Jan2025 00:39:38.135] [Server thread/WARN] [net.minecraft.world.level.chunk.LevelChunk/]: Block entity sophisticatedbackpacks:backpack @ BlockPos{x=75, y=-50, z=864} state Block{sophisticatedbackpacks:copper_backpack}[battery=false,facing=south,left_tank=false,right_tank=false,waterlogged=false] invalid for ticking:
[03Jan2025 00:40:28.140] [Server thread/INFO] [net.minecraft.server.MinecraftServer/]: jefferson_pad has completed the challenge [It Spreads]
[03Jan2025 00:45:30.120] [Server thread/WARN] [net.minecraft.server.network.ServerGamePacketListenerImpl/]: jefferson_pad moved too quickly! -9.43539597530173,0.0,3.334298429126534
[03Jan2025 00:46:36.050] [Netty Epoll Server IO #5/INFO] [Calio/]: Received acknowledgment for login packet with id 235
[03Jan2025 00:46:36.050] [Netty Epoll Server IO #5/INFO] [Calio/]: Received acknowledgment for login packet with id 236
[03Jan2025 00:46:36.216] [Netty Epoll Server IO #5/INFO] [Calio/]: Received acknowledgment for login packet with id 237
[03Jan2025 00:46:36.258] [Netty Epoll Server IO #5/INFO] [Calio/]: Received acknowledgment for login packet with id 238
[03Jan2025 00:46:36.259] [Netty Epoll Server IO #5/INFO] [Calio/]: Received acknowledgment for login packet with id 239
[03Jan2025 00:46:36.352] [Netty Epoll Server IO #5/INFO] [Calio/]: Received acknowledgment for login packet with id 240
[03Jan2025 00:46:36.363] [Netty Epoll Server IO #5/INFO] [Calio/]: Received acknowledgment for login packet with id 241
[03Jan2025 00:46:36.363] [Netty Epoll Server IO #5/INFO] [Calio/]: Received acknowledgment for login packet with id 242
[03Jan2025 00:46:36.363] [Netty Epoll Server IO #5/INFO] [Calio/]: Received acknowledgment for login packet with id 243
[03Jan2025 00:46:36.533] [Netty Epoll Server IO #5/INFO] [Calio/]: Received acknowledgment for login packet with id 244
[03Jan2025 00:46:36.533] [Netty Epoll Server IO #5/INFO] [Calio/]: Received acknowledgment for login packet with id 245
[03Jan2025 00:46:36.549] [Netty Epoll Server IO #5/INFO] [Calio/]: Received acknowledgment for login packet with id 246
[03Jan2025 00:46:37.374] [Netty Epoll Server IO #5/INFO] [Calio/]: Received acknowledgment for login packet with id 247
[03Jan2025 00:46:37.374] [Netty Epoll Server IO #5/INFO] [Calio/]: Received acknowledgment for login packet with id 248
[03Jan2025 00:46:37.374] [Netty Epoll Server IO #5/INFO] [Calio/]: Received acknowledgment for login packet with id 249
[03Jan2025 00:46:37.464] [Server thread/INFO] [net.minecraft.server.network.ServerGamePacketListenerImpl/]: jefferson_pad lost connection: You logged in from another location
[03Jan2025 00:46:37.465] [Server thread/INFO] [net.minecraft.server.MinecraftServer/]: jefferson_pad left the game
[03Jan2025 00:46:37.530] [Server thread/INFO] [net.minecraftforge.common.AdvancementLoadFix/]: Using new advancement loading for net.minecraft.server.PlayerAdvancements@2cefae5a
[03Jan2025 00:46:37.549] [Server thread/WARN] [net.minecraft.network.Connection/]: handleDisconnection() called twice
[03Jan2025 00:46:37.555] [Server thread/INFO] [net.minecraft.server.players.PlayerList/]: jefferson_pad[/127.254.198.158:58615] logged in with entity id 19336 at (206.85743170575068, -42.10255214613125, 879.8266393289339)
[03Jan2025 00:46:37.609] [Server thread/INFO] [ModdingLegacy/blue_skies/]: Sending ToolHandleTypeManager to jefferson_pad
[03Jan2025 00:46:37.609] [Server thread/INFO] [ModdingLegacy/blue_skies/]: Sending SnowcapOvenFreezingManager to jefferson_pad
[03Jan2025 00:46:37.609] [Server thread/INFO] [ModdingLegacy/blue_skies/]: Sending HorizoniteForgeFuelManager to jefferson_pad
[03Jan2025 00:46:37.609] [Server thread/INFO] [ModdingLegacy/blue_skies/]: Sending AlchemyRecipeManager to jefferson_pad
[03Jan2025 00:46:37.612] [Server thread/INFO] [ModdingLegacy/blue_skies/]: Sending JournalEntryManager to jefferson_pad
[03Jan2025 00:46:37.616] [Server thread/INFO] [ModdingLegacy/blue_skies/]: Sending JournalSectionManager to jefferson_pad
[03Jan2025 00:46:37.616] [Server thread/INFO] [ModdingLegacy/blue_skies/]: Sending JournalRequirementManager to jefferson_pad
[03Jan2025 00:46:37.728] [Server thread/INFO] [net.minecraft.server.MinecraftServer/]: jefferson_pad joined the game
[03Jan2025 00:46:37.797] [Server thread/INFO] [Jade/]: Syncing config to jefferson_pad (8f82ab8d-b4c2-3954-ac79-3aa538b8b82a)
[03Jan2025 00:46:37.878] [Server thread/INFO] [Enigmatic Legacy/INFO]: Synchronizing omniconfig files to jefferson_pad...
[03Jan2025 00:46:37.878] [Server thread/INFO] [Enigmatic Legacy/INFO]: Sending data for enigmaticaddons-common.omniconf
[03Jan2025 00:46:37.879] [Server thread/INFO] [Enigmatic Legacy/INFO]: Sending data for enigmaticlegacy-common.omniconf
[03Jan2025 00:46:37.879] [Server thread/INFO] [Enigmatic Legacy/INFO]: Granting starter gear to jefferson_pad
[03Jan2025 00:47:09.465] [Server thread/WARN] [net.minecraft.world.level.storage.loot.functions.SetItemDamageFunction/]: Couldn't set damage of loot item 1 gold_ingot
[03Jan2025 00:47:09.465] [Server thread/WARN] [net.minecraft.world.level.storage.loot.functions.SetItemDamageFunction/]: Couldn't set damage of loot item 1 diamond
[03Jan2025 00:47:09.465] [Server thread/WARN] [net.minecraft.world.level.storage.loot.functions.SetItemDamageFunction/]: Couldn't set damage of loot item 1 gem_dust
[03Jan2025 00:47:09.465] [Server thread/WARN] [net.minecraft.world.level.storage.loot.functions.SetItemDamageFunction/]: Couldn't set damage of loot item 1 iron_block
[03Jan2025 00:47:31.515] [Server thread/INFO] [com.teampotato.redirector.Redirector/]: Redirecting net/minecraft/world/level/levelgen/structure/StructureCheckResult
[03Jan2025 00:55:44.934] [Server thread/WARN] [net.minecraft.server.level.ServerPlayerGameMode/]: Mismatch in destroy block pos: BlockPos{x=109, y=-45, z=769} BlockPos{x=109, y=-46, z=769}
